This is pdfTeX, Version 3.14159265-2.6-1.40.19 (TeX Live 2018) (preloaded format=pdflatex 2018.4.16)  13 JUL 2018 12:55
entering extended mode
 restricted \write18 enabled.
 %&-line parsing enabled.
**"/Users/s7m/Dropbox/Research/EstimatingChina/china ame_NHMG_0628.tex"
(/Users/s7m/Dropbox/Research/EstimatingChina/china ame_NHMG_0628.tex
LaTeX2e <2018-04-01> patch level 2
Babel <3.18> and hyphenation patterns for 84 language(s) loaded.
(/usr/local/texlive/2018/texmf-dist/tex/latex/base/article.cls
Document Class: article 2014/09/29 v1.4h Standard LaTeX document class
(/usr/local/texlive/2018/texmf-dist/tex/latex/base/size12.clo
File: size12.clo 2014/09/29 v1.4h Standard LaTeX file (size option)
)
\c@part=\count80
\c@section=\count81
\c@subsection=\count82
\c@subsubsection=\count83
\c@paragraph=\count84
\c@subparagraph=\count85
\c@figure=\count86
\c@table=\count87
\abovecaptionskip=\skip41
\belowcaptionskip=\skip42
\bibindent=\dimen102
) (/usr/local/texlive/2018/texmf-dist/tex/latex/psnfss/mathptmx.sty
Package: mathptmx 2005/04/12 PSNFSS-v9.2a Times w/ Math, improved (SPQR, WaS) 
LaTeX Font Info:    Redeclaring symbol font `operators' on input line 28.
LaTeX Font Info:    Overwriting symbol font `operators' in version `normal'
(Font)                  OT1/cmr/m/n --> OT1/ztmcm/m/n on input line 28.
LaTeX Font Info:    Overwriting symbol font `operators' in version `bold'
(Font)                  OT1/cmr/bx/n --> OT1/ztmcm/m/n on input line 28.
LaTeX Font Info:    Redeclaring symbol font `letters' on input line 29.
LaTeX Font Info:    Overwriting symbol font `letters' in version `normal'
(Font)                  OML/cmm/m/it --> OML/ztmcm/m/it on input line 29.
LaTeX Font Info:    Overwriting symbol font `letters' in version `bold'
(Font)                  OML/cmm/b/it --> OML/ztmcm/m/it on input line 29.
LaTeX Font Info:    Redeclaring symbol font `symbols' on input line 30.
LaTeX Font Info:    Overwriting symbol font `symbols' in version `normal'
(Font)                  OMS/cmsy/m/n --> OMS/ztmcm/m/n on input line 30.
LaTeX Font Info:    Overwriting symbol font `symbols' in version `bold'
(Font)                  OMS/cmsy/b/n --> OMS/ztmcm/m/n on input line 30.
LaTeX Font Info:    Redeclaring symbol font `largesymbols' on input line 31.
LaTeX Font Info:    Overwriting symbol font `largesymbols' in version `normal'
(Font)                  OMX/cmex/m/n --> OMX/ztmcm/m/n on input line 31.
LaTeX Font Info:    Overwriting symbol font `largesymbols' in version `bold'
(Font)                  OMX/cmex/m/n --> OMX/ztmcm/m/n on input line 31.
\symbold=\mathgroup4
\symitalic=\mathgroup5
LaTeX Font Info:    Redeclaring math alphabet \mathbf on input line 34.
LaTeX Font Info:    Overwriting math alphabet `\mathbf' in version `normal'
(Font)                  OT1/cmr/bx/n --> OT1/ptm/bx/n on input line 34.
LaTeX Font Info:    Overwriting math alphabet `\mathbf' in version `bold'
(Font)                  OT1/cmr/bx/n --> OT1/ptm/bx/n on input line 34.
LaTeX Font Info:    Redeclaring math alphabet \mathit on input line 35.
LaTeX Font Info:    Overwriting math alphabet `\mathit' in version `normal'
(Font)                  OT1/cmr/m/it --> OT1/ptm/m/it on input line 35.
LaTeX Font Info:    Overwriting math alphabet `\mathit' in version `bold'
(Font)                  OT1/cmr/bx/it --> OT1/ptm/m/it on input line 35.
LaTeX Info: Redefining \hbar on input line 50.
) (/usr/local/texlive/2018/texmf-dist/tex/latex/base/fontenc.sty
Package: fontenc 2017/04/05 v2.0i Standard LaTeX package
(/usr/local/texlive/2018/texmf-dist/tex/latex/base/t1enc.def
File: t1enc.def 2017/04/05 v2.0i Standard LaTeX file
LaTeX Font Info:    Redeclaring font encoding T1 on input line 48.
)) (/usr/local/texlive/2018/texmf-dist/tex/latex/base/inputenc.sty
Package: inputenc 2018/04/06 v1.3b Input encoding file
\inpenc@prehook=\toks14
\inpenc@posthook=\toks15
) (/usr/local/texlive/2018/texmf-dist/tex/latex/geometry/geometry.sty
Package: geometry 2018/03/24 v5.7 Page Geometry
(/usr/local/texlive/2018/texmf-dist/tex/latex/graphics/keyval.sty
Package: keyval 2014/10/28 v1.15 key=value parser (DPC)
\KV@toks@=\toks16
) (/usr/local/texlive/2018/texmf-dist/tex/generic/oberdiek/ifpdf.sty
Package: ifpdf 2017/03/15 v3.2 Provides the ifpdf switch
) (/usr/local/texlive/2018/texmf-dist/tex/generic/oberdiek/ifvtex.sty
Package: ifvtex 2016/05/16 v1.6 Detect VTeX and its facilities (HO)
Package ifvtex Info: VTeX not detected.
) (/usr/local/texlive/2018/texmf-dist/tex/generic/ifxetex/ifxetex.sty
Package: ifxetex 2010/09/12 v0.6 Provides ifxetex conditional
)
\Gm@cnth=\count88
\Gm@cntv=\count89
\c@Gm@tempcnt=\count90
\Gm@bindingoffset=\dimen103
\Gm@wd@mp=\dimen104
\Gm@odd@mp=\dimen105
\Gm@even@mp=\dimen106
\Gm@layoutwidth=\dimen107
\Gm@layoutheight=\dimen108
\Gm@layouthoffset=\dimen109
\Gm@layoutvoffset=\dimen110
\Gm@dimlist=\toks17
) (/usr/local/texlive/2018/texmf-dist/tex/latex/float/float.sty
Package: float 2001/11/08 v1.3d Float enhancements (AL)
\c@float@type=\count91
\float@exts=\toks18
\float@box=\box26
\@float@everytoks=\toks19
\@floatcapt=\box27
) (/usr/local/texlive/2018/texmf-dist/tex/latex/amsmath/amsmath.sty
Package: amsmath 2017/09/02 v2.17a AMS math features
\@mathmargin=\skip43
For additional information on amsmath, use the `?' option.
(/usr/local/texlive/2018/texmf-dist/tex/latex/amsmath/amstext.sty
Package: amstext 2000/06/29 v2.01 AMS text
(/usr/local/texlive/2018/texmf-dist/tex/latex/amsmath/amsgen.sty
File: amsgen.sty 1999/11/30 v2.0 generic functions
\@emptytoks=\toks20
\ex@=\dimen111
)) (/usr/local/texlive/2018/texmf-dist/tex/latex/amsmath/amsbsy.sty
Package: amsbsy 1999/11/29 v1.2d Bold Symbols
\pmbraise@=\dimen112
) (/usr/local/texlive/2018/texmf-dist/tex/latex/amsmath/amsopn.sty
Package: amsopn 2016/03/08 v2.02 operator names
)
\inf@bad=\count92
LaTeX Info: Redefining \frac on input line 213.
\uproot@=\count93
\leftroot@=\count94
LaTeX Info: Redefining \overline on input line 375.
\classnum@=\count95
\DOTSCASE@=\count96
LaTeX Info: Redefining \ldots on input line 472.
LaTeX Info: Redefining \dots on input line 475.
LaTeX Info: Redefining \cdots on input line 596.
\Mathstrutbox@=\box28
\strutbox@=\box29
\big@size=\dimen113
LaTeX Font Info:    Redeclaring font encoding OML on input line 712.
LaTeX Font Info:    Redeclaring font encoding OMS on input line 713.
\macc@depth=\count97
\c@MaxMatrixCols=\count98
\dotsspace@=\muskip10
\c@parentequation=\count99
\dspbrk@lvl=\count100
\tag@help=\toks21
\row@=\count101
\column@=\count102
\maxfields@=\count103
\andhelp@=\toks22
\eqnshift@=\dimen114
\alignsep@=\dimen115
\tagshift@=\dimen116
\tagwidth@=\dimen117
\totwidth@=\dimen118
\lineht@=\dimen119
\@envbody=\toks23
\multlinegap=\skip44
\multlinetaggap=\skip45
\mathdisplay@stack=\toks24
LaTeX Info: Redefining \[ on input line 2817.
LaTeX Info: Redefining \] on input line 2818.
) (/usr/local/texlive/2018/texmf-dist/tex/latex/graphics/graphicx.sty
Package: graphicx 2017/06/01 v1.1a Enhanced LaTeX Graphics (DPC,SPQR)
(/usr/local/texlive/2018/texmf-dist/tex/latex/graphics/graphics.sty
Package: graphics 2017/06/25 v1.2c Standard LaTeX Graphics (DPC,SPQR)
(/usr/local/texlive/2018/texmf-dist/tex/latex/graphics/trig.sty
Package: trig 2016/01/03 v1.10 sin cos tan (DPC)
) (/usr/local/texlive/2018/texmf-dist/tex/latex/graphics-cfg/graphics.cfg
File: graphics.cfg 2016/06/04 v1.11 sample graphics configuration
)
Package graphics Info: Driver file: pdftex.def on input line 99.
(/usr/local/texlive/2018/texmf-dist/tex/latex/graphics-def/pdftex.def
File: pdftex.def 2018/01/08 v1.0l Graphics/color driver for pdftex
))
\Gin@req@height=\dimen120
\Gin@req@width=\dimen121
) (/usr/local/texlive/2018/texmf-dist/tex/latex/setspace/setspace.sty
Package: setspace 2011/12/19 v6.7a set line spacing
) (/usr/local/texlive/2018/texmf-dist/tex/latex/natbib/natbib.sty
Package: natbib 2010/09/13 8.31b (PWD, AO)
\bibhang=\skip46
\bibsep=\skip47
LaTeX Info: Redefining \cite on input line 694.
\c@NAT@ctr=\count104
) (/usr/local/texlive/2018/texmf-dist/tex/latex/tools/dcolumn.sty
Package: dcolumn 2014/10/28 v1.06 decimal alignment package (DPC)
(/usr/local/texlive/2018/texmf-dist/tex/latex/tools/array.sty
Package: array 2018/04/07 v2.4g Tabular extension package (FMi)
\col@sep=\dimen122
\ar@mcellbox=\box30
\extrarowheight=\dimen123
\NC@list=\toks25
\extratabsurround=\skip48
\backup@length=\skip49
\ar@cellbox=\box31
)) (/usr/local/texlive/2018/texmf-dist/tex/latex/parskip/parskip.sty
Package: parskip 2001/04/09 non-zero parskip adjustments
) (/usr/local/texlive/2018/texmf-dist/tex/latex/booktabs/booktabs.sty
Package: booktabs 2016/04/27 v1.618033 publication quality tables
\heavyrulewidth=\dimen124
\lightrulewidth=\dimen125
\cmidrulewidth=\dimen126
\belowrulesep=\dimen127
\belowbottomsep=\dimen128
\aboverulesep=\dimen129
\abovetopsep=\dimen130
\cmidrulesep=\dimen131
\cmidrulekern=\dimen132
\defaultaddspace=\dimen133
\@cmidla=\count105
\@cmidlb=\count106
\@aboverulesep=\dimen134
\@belowrulesep=\dimen135
\@thisruleclass=\count107
\@lastruleclass=\count108
\@thisrulewidth=\dimen136
) (/usr/local/texlive/2018/texmf-dist/tex/latex/footmisc/footmisc.sty
Package: footmisc 2011/06/06 v5.5b a miscellany of footnote facilities
\FN@temptoken=\toks26
\footnotemargin=\dimen137
\c@pp@next@reset=\count109
Package footmisc Info: Declaring symbol style bringhurst on input line 855.
Package footmisc Info: Declaring symbol style chicago on input line 863.
Package footmisc Info: Declaring symbol style wiley on input line 872.
Package footmisc Info: Declaring symbol style lamport-robust on input line 883.

Package footmisc Info: Declaring symbol style lamport* on input line 903.
Package footmisc Info: Declaring symbol style lamport*-robust on input line 924
.
) (/usr/local/texlive/2018/texmf-dist/tex/latex/hyperref/hyperref.sty
Package: hyperref 2018/02/06 v6.86b Hypertext links for LaTeX
(/usr/local/texlive/2018/texmf-dist/tex/generic/oberdiek/hobsub-hyperref.sty
Package: hobsub-hyperref 2016/05/16 v1.14 Bundle oberdiek, subset hyperref (HO)

(/usr/local/texlive/2018/texmf-dist/tex/generic/oberdiek/hobsub-generic.sty
Package: hobsub-generic 2016/05/16 v1.14 Bundle oberdiek, subset generic (HO)
Package: hobsub 2016/05/16 v1.14 Construct package bundles (HO)
Package: infwarerr 2016/05/16 v1.4 Providing info/warning/error messages (HO)
Package: ltxcmds 2016/05/16 v1.23 LaTeX kernel commands for general use (HO)
Package: ifluatex 2016/05/16 v1.4 Provides the ifluatex switch (HO)
Package ifluatex Info: LuaTeX not detected.
Package hobsub Info: Skipping package `ifvtex' (already loaded).
Package: intcalc 2016/05/16 v1.2 Expandable calculations with integers (HO)
Package hobsub Info: Skipping package `ifpdf' (already loaded).
Package: etexcmds 2016/05/16 v1.6 Avoid name clashes with e-TeX commands (HO)
Package etexcmds Info: Could not find \expanded.
(etexcmds)             That can mean that you are not using pdfTeX 1.50 or
(etexcmds)             that some package has redefined \expanded.
(etexcmds)             In the latter case, load this package earlier.
Package: kvsetkeys 2016/05/16 v1.17 Key value parser (HO)
Package: kvdefinekeys 2016/05/16 v1.4 Define keys (HO)
Package: pdftexcmds 2018/01/30 v0.27 Utility functions of pdfTeX for LuaTeX (HO
)
Package pdftexcmds Info: LuaTeX not detected.
Package pdftexcmds Info: \pdf@primitive is available.
Package pdftexcmds Info: \pdf@ifprimitive is available.
Package pdftexcmds Info: \pdfdraftmode found.
Package: pdfescape 2016/05/16 v1.14 Implements pdfTeX's escape features (HO)
Package: bigintcalc 2016/05/16 v1.4 Expandable calculations on big integers (HO
)
Package: bitset 2016/05/16 v1.2 Handle bit-vector datatype (HO)
Package: uniquecounter 2016/05/16 v1.3 Provide unlimited unique counter (HO)
)
Package hobsub Info: Skipping package `hobsub' (already loaded).
Package: letltxmacro 2016/05/16 v1.5 Let assignment for LaTeX macros (HO)
Package: hopatch 2016/05/16 v1.3 Wrapper for package hooks (HO)
Package: xcolor-patch 2016/05/16 xcolor patch
Package: atveryend 2016/05/16 v1.9 Hooks at the very end of document (HO)
Package atveryend Info: \enddocument detected (standard20110627).
Package: atbegshi 2016/06/09 v1.18 At begin shipout hook (HO)
Package: refcount 2016/05/16 v3.5 Data extraction from label references (HO)
Package: hycolor 2016/05/16 v1.8 Color options for hyperref/bookmark (HO)
) (/usr/local/texlive/2018/texmf-dist/tex/latex/oberdiek/auxhook.sty
Package: auxhook 2016/05/16 v1.4 Hooks for auxiliary files (HO)
) (/usr/local/texlive/2018/texmf-dist/tex/latex/oberdiek/kvoptions.sty
Package: kvoptions 2016/05/16 v3.12 Key value format for package options (HO)
)
\@linkdim=\dimen138
\Hy@linkcounter=\count110
\Hy@pagecounter=\count111
(/usr/local/texlive/2018/texmf-dist/tex/latex/hyperref/pd1enc.def
File: pd1enc.def 2018/02/06 v6.86b Hyperref: PDFDocEncoding definition (HO)
Now handling font encoding PD1 ...
... no UTF-8 mapping file for font encoding PD1
)
\Hy@SavedSpaceFactor=\count112
(/usr/local/texlive/2018/texmf-dist/tex/latex/latexconfig/hyperref.cfg
File: hyperref.cfg 2002/06/06 v1.2 hyperref configuration of TeXLive
)
Package hyperref Info: Option `colorlinks' set `true' on input line 4383.
Package hyperref Info: Hyper figures OFF on input line 4509.
Package hyperref Info: Link nesting OFF on input line 4514.
Package hyperref Info: Hyper index ON on input line 4517.
Package hyperref Info: Plain pages OFF on input line 4524.
Package hyperref Info: Backreferencing OFF on input line 4529.
Package hyperref Info: Implicit mode ON; LaTeX internals redefined.
Package hyperref Info: Bookmarks ON on input line 4762.
\c@Hy@tempcnt=\count113
(/usr/local/texlive/2018/texmf-dist/tex/latex/url/url.sty
\Urlmuskip=\muskip11
Package: url 2013/09/16  ver 3.4  Verb mode for urls, etc.
)
LaTeX Info: Redefining \url on input line 5115.
\XeTeXLinkMargin=\dimen139
\Fld@menulength=\count114
\Field@Width=\dimen140
\Fld@charsize=\dimen141
Package hyperref Info: Hyper figures OFF on input line 6369.
Package hyperref Info: Link nesting OFF on input line 6374.
Package hyperref Info: Hyper index ON on input line 6377.
Package hyperref Info: backreferencing OFF on input line 6384.
Package hyperref Info: Link coloring ON on input line 6387.
Package hyperref Info: Link coloring with OCG OFF on input line 6394.
Package hyperref Info: PDF/A mode OFF on input line 6399.
LaTeX Info: Redefining \ref on input line 6439.
LaTeX Info: Redefining \pageref on input line 6443.
\Hy@abspage=\count115
\c@Item=\count116
\c@Hfootnote=\count117
)
Package hyperref Info: Driver (autodetected): hpdftex.
(/usr/local/texlive/2018/texmf-dist/tex/latex/hyperref/hpdftex.def
File: hpdftex.def 2018/02/06 v6.86b Hyperref driver for pdfTeX
\Fld@listcount=\count118
\c@bookmark@seq@number=\count119
(/usr/local/texlive/2018/texmf-dist/tex/latex/oberdiek/rerunfilecheck.sty
Package: rerunfilecheck 2016/05/16 v1.8 Rerun checks for auxiliary files (HO)
Package uniquecounter Info: New unique counter `rerunfilecheck' on input line 2
82.
)
\Hy@SectionHShift=\skip50
) (/usr/local/texlive/2018/texmf-dist/tex/latex/subfig/subfig.sty
Package: subfig 2005/06/28 ver: 1.3 subfig package
(/usr/local/texlive/2018/texmf-dist/tex/latex/caption/caption.sty
Package: caption 2016/02/21 v3.3-144 Customizing captions (AR)
(/usr/local/texlive/2018/texmf-dist/tex/latex/caption/caption3.sty
Package: caption3 2016/05/22 v1.7-166 caption3 kernel (AR)
Package caption3 Info: TeX engine: e-TeX on input line 67.
\captionmargin=\dimen142
\captionmargin@=\dimen143
\captionwidth=\dimen144
\caption@tempdima=\dimen145
\caption@indent=\dimen146
\caption@parindent=\dimen147
\caption@hangindent=\dimen148
)
\c@ContinuedFloat=\count120
Package caption Info: float package is loaded.
Package caption Info: hyperref package is loaded.
)
\c@KVtest=\count121
\sf@farskip=\skip51
\sf@captopadj=\dimen149
\sf@capskip=\skip52
\sf@nearskip=\skip53
\c@subfigure=\count122
\c@subfigure@save=\count123
\c@lofdepth=\count124
\c@subtable=\count125
\c@subtable@save=\count126
\c@lotdepth=\count127
\sf@top=\skip54
\sf@bottom=\skip55
) (/usr/local/texlive/2018/texmf-dist/tex/generic/babel/babel.sty
Package: babel 2018/02/14 3.18 The Babel package
(/usr/local/texlive/2018/texmf-dist/tex/generic/babel/switch.def
File: switch.def 2018/02/14 3.18 Babel switching mechanism
) (/usr/local/texlive/2018/texmf-dist/tex/generic/babel-english/english.ldf
Language: english 2017/06/06 v3.3r English support from the babel system
(/usr/local/texlive/2018/texmf-dist/tex/generic/babel/babel.def
File: babel.def 2018/02/14 3.18 Babel common definitions
\babel@savecnt=\count128
\U@D=\dimen150
(/usr/local/texlive/2018/texmf-dist/tex/generic/babel/txtbabel.def)
\bbl@dirlevel=\count129
)
\l@canadian = a dialect from \language\l@american 
\l@australian = a dialect from \language\l@british 
\l@newzealand = a dialect from \language\l@british 
)) (/Users/s7m/Dropbox/Research/EstimatingChina/china_ame_NHMG_0628.aux)
\openout1 = `china_ame_NHMG_0628.aux'.

LaTeX Font Info:    Checking defaults for OML/cmm/m/it on input line 44.
LaTeX Font Info:    ... okay on input line 44.
LaTeX Font Info:    Checking defaults for T1/cmr/m/n on input line 44.
LaTeX Font Info:    ... okay on input line 44.
LaTeX Font Info:    Checking defaults for OT1/cmr/m/n on input line 44.
LaTeX Font Info:    ... okay on input line 44.
LaTeX Font Info:    Checking defaults for OMS/cmsy/m/n on input line 44.
LaTeX Font Info:    ... okay on input line 44.
LaTeX Font Info:    Checking defaults for OMX/cmex/m/n on input line 44.
LaTeX Font Info:    ... okay on input line 44.
LaTeX Font Info:    Checking defaults for U/cmr/m/n on input line 44.
LaTeX Font Info:    ... okay on input line 44.
LaTeX Font Info:    Checking defaults for PD1/pdf/m/n on input line 44.
LaTeX Font Info:    ... okay on input line 44.
LaTeX Font Info:    Try loading font information for T1+ptm on input line 44.
(/usr/local/texlive/2018/texmf-dist/tex/latex/psnfss/t1ptm.fd
File: t1ptm.fd 2001/06/04 font definitions for T1/ptm.
)
*geometry* driver: auto-detecting
*geometry* detected driver: pdftex
*geometry* verbose mode - [ preamble ] result:
* driver: pdftex
* paper: <default>
* layout: <same size as paper>
* layoutoffset:(h,v)=(0.0pt,0.0pt)
* modes: 
* h-part:(L,W,R)=(72.26999pt, 469.75502pt, 72.26999pt)
* v-part:(T,H,B)=(72.26999pt, 650.43001pt, 72.26999pt)
* \paperwidth=614.295pt
* \paperheight=794.96999pt
* \textwidth=469.75502pt
* \textheight=650.43001pt
* \oddsidemargin=0.0pt
* \evensidemargin=0.0pt
* \topmargin=-37.0pt
* \headheight=12.0pt
* \headsep=25.0pt
* \topskip=12.0pt
* \footskip=30.0pt
* \marginparwidth=44.0pt
* \marginparsep=10.0pt
* \columnsep=10.0pt
* \skip\footins=10.8pt plus 4.0pt minus 2.0pt
* \hoffset=0.0pt
* \voffset=0.0pt
* \mag=1000
* \@twocolumnfalse
* \@twosidefalse
* \@mparswitchfalse
* \@reversemarginfalse
* (1in=72.27pt=25.4mm, 1cm=28.453pt)

(/usr/local/texlive/2018/texmf-dist/tex/context/base/mkii/supp-pdf.mkii
[Loading MPS to PDF converter (version 2006.09.02).]
\scratchcounter=\count130
\scratchdimen=\dimen151
\scratchbox=\box32
\nofMPsegments=\count131
\nofMParguments=\count132
\everyMPshowfont=\toks27
\MPscratchCnt=\count133
\MPscratchDim=\dimen152
\MPnumerator=\count134
\makeMPintoPDFobject=\count135
\everyMPtoPDFconversion=\toks28
) (/usr/local/texlive/2018/texmf-dist/tex/latex/oberdiek/epstopdf-base.sty
Package: epstopdf-base 2016/05/15 v2.6 Base part for package epstopdf
(/usr/local/texlive/2018/texmf-dist/tex/latex/oberdiek/grfext.sty
Package: grfext 2016/05/16 v1.2 Manage graphics extensions (HO)
)
Package epstopdf-base Info: Redefining graphics rule for `.eps' on input line 4
38.
Package grfext Info: Graphics extension search list:
(grfext)             [.pdf,.png,.jpg,.mps,.jpeg,.jbig2,.jb2,.PDF,.PNG,.JPG,.JPE
G,.JBIG2,.JB2,.eps]
(grfext)             \AppendGraphicsExtensions on input line 456.
(/usr/local/texlive/2018/texmf-dist/tex/latex/latexconfig/epstopdf-sys.cfg
File: epstopdf-sys.cfg 2010/07/13 v1.3 Configuration of (r)epstopdf for TeX Liv
e
))
\AtBeginShipoutBox=\box33
(/usr/local/texlive/2018/texmf-dist/tex/latex/graphics/color.sty
Package: color 2016/07/10 v1.1e Standard LaTeX Color (DPC)
(/usr/local/texlive/2018/texmf-dist/tex/latex/graphics-cfg/color.cfg
File: color.cfg 2016/01/02 v1.6 sample color configuration
)
Package color Info: Driver file: pdftex.def on input line 147.
)
Package hyperref Info: Link coloring ON on input line 44.
(/usr/local/texlive/2018/texmf-dist/tex/latex/hyperref/nameref.sty
Package: nameref 2016/05/21 v2.44 Cross-referencing by name of section
(/usr/local/texlive/2018/texmf-dist/tex/generic/oberdiek/gettitlestring.sty
Package: gettitlestring 2016/05/16 v1.5 Cleanup title references (HO)
)
\c@section@level=\count136
)
LaTeX Info: Redefining \ref on input line 44.
LaTeX Info: Redefining \pageref on input line 44.
LaTeX Info: Redefining \nameref on input line 44.
(/Users/s7m/Dropbox/Research/EstimatingChina/china_ame_NHMG_0628.out) (/Users/s
7m/Dropbox/Research/EstimatingChina/china_ame_NHMG_0628.out)
\@outlinefile=\write3
\openout3 = `china_ame_NHMG_0628.out'.

Package caption Info: Begin \AtBeginDocument code.
Package caption Info: subfig package v1.3 is loaded.
Package caption Info: End \AtBeginDocument code.
LaTeX Font Info:    Font shape `T1/ptm/bx/n' in size <20.74> not available
(Font)              Font shape `T1/ptm/b/n' tried instead on input line 50.
LaTeX Font Info:    Try loading font information for OT1+ztmcm on input line 50
.
(/usr/local/texlive/2018/texmf-dist/tex/latex/psnfss/ot1ztmcm.fd
File: ot1ztmcm.fd 2000/01/03 Fontinst v1.801 font definitions for OT1/ztmcm.
)
LaTeX Font Info:    Try loading font information for OML+ztmcm on input line 50
.
(/usr/local/texlive/2018/texmf-dist/tex/latex/psnfss/omlztmcm.fd
File: omlztmcm.fd 2000/01/03 Fontinst v1.801 font definitions for OML/ztmcm.
)
LaTeX Font Info:    Try loading font information for OMS+ztmcm on input line 50
.
(/usr/local/texlive/2018/texmf-dist/tex/latex/psnfss/omsztmcm.fd
File: omsztmcm.fd 2000/01/03 Fontinst v1.801 font definitions for OMS/ztmcm.
)
LaTeX Font Info:    Try loading font information for OMX+ztmcm on input line 50
.
(/usr/local/texlive/2018/texmf-dist/tex/latex/psnfss/omxztmcm.fd
File: omxztmcm.fd 2000/01/03 Fontinst v1.801 font definitions for OMX/ztmcm.
)
LaTeX Font Info:    Try loading font information for OT1+ptm on input line 50.
(/usr/local/texlive/2018/texmf-dist/tex/latex/psnfss/ot1ptm.fd
File: ot1ptm.fd 2001/06/04 font definitions for OT1/ptm.
)
LaTeX Font Info:    Font shape `OT1/ptm/bx/n' in size <20.74> not available
(Font)              Font shape `OT1/ptm/b/n' tried instead on input line 50.
LaTeX Font Info:    Font shape `OT1/ptm/bx/n' in size <14.4> not available
(Font)              Font shape `OT1/ptm/b/n' tried instead on input line 50.
LaTeX Font Info:    Font shape `OT1/ptm/bx/n' in size <12> not available
(Font)              Font shape `OT1/ptm/b/n' tried instead on input line 50.
LaTeX Font Info:    Try loading font information for OMS+ptm on input line 50.
(/usr/local/texlive/2018/texmf-dist/tex/latex/psnfss/omsptm.fd
File: omsptm.fd 
)
LaTeX Font Info:    Font shape `OMS/ptm/m/n' in size <14.4> not available
(Font)              Font shape `OMS/cmsy/m/n' tried instead on input line 50.
LaTeX Font Info:    Font shape `OT1/ptm/bx/n' in size <10.95> not available
(Font)              Font shape `OT1/ptm/b/n' tried instead on input line 50.
LaTeX Font Info:    Font shape `OT1/ptm/bx/n' in size <8> not available
(Font)              Font shape `OT1/ptm/b/n' tried instead on input line 50.

LaTeX Warning: No \author given.

LaTeX Font Info:    Font shape `OT1/ptm/bx/n' in size <10> not available
(Font)              Font shape `OT1/ptm/b/n' tried instead on input line 50.
LaTeX Font Info:    Font shape `OT1/ptm/bx/n' in size <7.4> not available
(Font)              Font shape `OT1/ptm/b/n' tried instead on input line 50.
LaTeX Font Info:    Font shape `OT1/ptm/bx/n' in size <6> not available
(Font)              Font shape `OT1/ptm/b/n' tried instead on input line 50.
LaTeX Font Info:    Font shape `OMS/ptm/m/n' in size <7.4> not available
(Font)              Font shape `OMS/cmsy/m/n' tried instead on input line 50.
LaTeX Font Info:    Font shape `T1/ptm/bx/n' in size <10.95> not available
(Font)              Font shape `T1/ptm/b/n' tried instead on input line 50.
[1

{/usr/local/texlive/2018/texmf-var/fonts/map/pdftex/updmap/pdftex.map}]
\myfootnotesep=\skip56
LaTeX Font Info:    Font shape `T1/ptm/bx/n' in size <12> not available
(Font)              Font shape `T1/ptm/b/n' tried instead on input line 87.

Package natbib Warning: Citation `Svolik2012' on page 2 undefined on input line
 87.


Package natbib Warning: Citation `BDMetal2003' on page 2 undefined on input lin
e 89.


Package natbib Warning: Citation `Acemoglu2008a' on page 2 undefined on input l
ine 89.


Package natbib Warning: Citation `Svolik2012' on page 2 undefined on input line
 89.


Package natbib Warning: Citation `Brownlee2007' on page 2 undefined on input li
ne 92.


Package natbib Warning: Citation `Gandhi2008' on page 2 undefined on input line
 92.


Package natbib Warning: Citation `Magaloni2008' on page 2 undefined on input li
ne 92.


Package natbib Warning: Citation `Magaloni2010' on page 2 undefined on input li
ne 92.


Package natbib Warning: Citation `Boix2013a' on page 2 undefined on input line 
92.


Package natbib Warning: Citation `Bizzarro2018' on page 2 undefined on input li
ne 93.


Package natbib Warning: Citation `Miller2015b' on page 2 undefined on input lin
e 94.


Package natbib Warning: Citation `Weeks2012' on page 2 undefined on input line 
95.


Package natbib Warning: Citation `Pepinsky2014' on page 2 undefined on input li
ne 95.


Package natbib Warning: Citation `Brancati2014a' on page 2 undefined on input l
ine 98.


Package natbib Warning: Citation `Li1989' on page 2 undefined on input line 107
.


Package natbib Warning: Citation `Levitsky2001' on page 2 undefined on input li
ne 107.


Package natbib Warning: Citation `Albrecht2004' on page 2 undefined on input li
ne 107.


Package natbib Warning: Citation `Perthes2004' on page 2 undefined on input lin
e 107.


Package natbib Warning: Citation `Shih2010' on page 2 undefined on input line 1
07.


Package natbib Warning: Citation `Opper2015' on page 2 undefined on input line 
107.


Package natbib Warning: Citation `Buehler2017' on page 2 undefined on input lin
e 107.

LaTeX Font Info:    Font shape `OT1/ptm/bx/n' in size <9> not available
(Font)              Font shape `OT1/ptm/b/n' tried instead on input line 116.
LaTeX Font Info:    Font shape `OT1/ptm/bx/n' in size <7> not available
(Font)              Font shape `OT1/ptm/b/n' tried instead on input line 116.

Package natbib Warning: Citation `Hoff2005' on page 2 undefined on input line 1
20.


Package natbib Warning: Citation `Minhas2016a' on page 2 undefined on input lin
e 120.


Package natbib Warning: Citation `Hoff2002' on page 2 undefined on input line 1
20.

[2]

Package natbib Warning: Citation `Nathan1973' on page 3 undefined on input line
 148.


Package natbib Warning: Citation `Tsou1976' on page 3 undefined on input line 1
48.


Package natbib Warning: Citation `Shih2010' on page 3 undefined on input line 1
48.


Package natbib Warning: Citation `Miller2014b' on page 3 undefined on input lin
e 152.


Package natbib Warning: Citation `Naughton2014' on page 3 undefined on input li
ne 152.


Package natbib Warning: Citation `Lampton2015' on page 3 undefined on input lin
e 152.


Package natbib Warning: Citation `Shirk2018' on page 3 undefined on input line 
152.


Package natbib Warning: Citation `Minhas2016a' on page 3 undefined on input lin
e 156.


Package natbib Warning: Citation `Batke2017' on page 3 undefined on input line 
169.


Package natbib Warning: Citation `Huhe2018a' on page 3 undefined on input line 
169.


Package natbib Warning: Citation `Hamrin1992' on page 3 undefined on input line
 174.


Package natbib Warning: Citation `Lieberthal1992a' on page 3 undefined on input
 line 174.


Package natbib Warning: Citation `Miller2014a' on page 3 undefined on input lin
e 180.


Package natbib Warning: Citation `Naughton2014' on page 3 undefined on input li
ne 180.


Package natbib Warning: Citation `Johnson2017' on page 3 undefined on input lin
e 180.


Package natbib Warning: Citation `Lee2017' on page 3 undefined on input line 18
0.


Package natbib Warning: Citation `Shirk2018' on page 3 undefined on input line 
180.

[3]
LaTeX Font Info:    Font shape `T1/ptm/bx/n' in size <17.28> not available
(Font)              Font shape `T1/ptm/b/n' tried instead on input line 202.

Package natbib Warning: Citation `Hunter1953' on page 4 undefined on input line
 209.


Package natbib Warning: Citation `Mills2000' on page 4 undefined on input line 
209.


Package natbib Warning: Citation `Dahl1961' on page 4 undefined on input line 2
09.


Package natbib Warning: Citation `Dahl1971' on page 4 undefined on input line 2
10.


Package natbib Warning: Citation `Svolik2012' on page 4 undefined on input line
 214.

[4]

Package natbib Warning: Citation `Hunter1953' on page 5 undefined on input line
 221.


Package natbib Warning: Citation `Ishiyama2014' on page 5 undefined on input li
ne 224.


Package natbib Warning: Citation `Jaros2017' on page 5 undefined on input line 
234.


Package natbib Warning: Citation `Huang2015b' on page 5 undefined on input line
 238.


Package natbib Warning: Citation `Jaros2017' on page 5 undefined on input line 
241.


Package natbib Warning: Citation `Ban2018' on page 5 undefined on input line 24
5.

[5]

Package natbib Warning: Citation `Pye1981' on page 6 undefined on input line 25
5.


Package natbib Warning: Citation `Nathan1995' on page 6 undefined on input line
 255.


Package natbib Warning: Citation `Huang2000' on page 6 undefined on input line 
255.


Package natbib Warning: Citation `Shih2010' on page 6 undefined on input line 2
55.


Package natbib Warning: Citation `Shih2012' on page 6 undefined on input line 2
55.


Package natbib Warning: Citation `Meyer2016' on page 6 undefined on input line 
257.

[6]
LaTeX Font Info:    Font shape `T1/ptm/bx/n' in size <14.4> not available
(Font)              Font shape `T1/ptm/b/n' tried instead on input line 305.
LaTeX Font Info:    Font shape `T1/ptm/bx/it' in size <14.4> not available
(Font)              Font shape `T1/ptm/b/it' tried instead on input line 305.

Package natbib Warning: Citation `Domhoff2005' on page 7 undefined on input lin
e 308.


Package natbib Warning: Citation `Dahl1961' on page 7 undefined on input line 3
09.

[7]

Package natbib Warning: Citation `Feld1981' on page 8 undefined on input line 3
26.


Package natbib Warning: Citation `Dahl1961' on page 8 undefined on input line 3
48.

[8]

Package natbib Warning: Citation `Jaros2017' on page 9 undefined on input line 
376.


Package natbib Warning: Citation `Hoff2005' on page 9 undefined on input line 3
84.


Package natbib Warning: Citation `Kenny2006' on page 9 undefined on input line 
384.


Package natbib Warning: Citation `Shih2010' on page 9 undefined on input line 3
92.


Package natbib Warning: Citation `Miller2015d' on page 9 undefined on input lin
e 409.

[9] [10]
LaTeX Font Info:    Try loading font information for T1+cmtt on input line 481.

(/usr/local/texlive/2018/texmf-dist/tex/latex/base/t1cmtt.fd
File: t1cmtt.fd 2014/09/29 v2.5h Standard LaTeX font definitions
)
Underfull \hbox (badness 10000) in paragraph at lines 481--481
[]|\T1/cmtt/m/n/10.95 Vice-Chairman of the Central Military
 []


Underfull \hbox (badness 10000) in paragraph at lines 481--481
\T1/cmtt/m/n/10.95 Commission calls for efforts to
 []


Underfull \hbox (badness 10000) in paragraph at lines 481--481
\T1/cmtt/m/n/10.95 promote unity among army, government
 []


Underfull \hbox (badness 10000) in paragraph at lines 483--483
[]|\T1/cmtt/m/n/10.95 Xi Jinping urges #CPC to accept
 []


Underfull \hbox (badness 10000) in paragraph at lines 483--483
\T1/cmtt/m/n/10.95 criticism and be receptive to the
 []


Underfull \hbox (badness 10000) in paragraph at lines 483--484
[]|\T1/cmtt/m/n/10.95 Xi Jinping, Li Keqing, Yu
 []


Underfull \hbox (badness 10000) in paragraph at lines 485--485
[]|\T1/cmtt/m/n/10.95 Xi Jinping endorses work of Hong Kong
 []


Underfull \hbox (badness 10000) in paragraph at lines 485--486
[]|\T1/cmtt/m/n/10.95 Xi Jinping, Zhang
 []


Underfull \hbox (badness 10000) in paragraph at lines 485--486
\T1/cmtt/m/n/10.95 Dejiang, Li Yuanchao,
 []


Underfull \hbox (badness 10000) in paragraph at lines 487--487
[]|\T1/cmtt/m/n/10.95 Premier stresses foresight in economic
 []


Underfull \hbox (badness 10000) in paragraph at lines 487--488
[]|\T1/cmtt/m/n/10.95 Li Keqiang, Zhang Gaoli,
 []


Underfull \hbox (badness 10000) in paragraph at lines 489--489
[]|\T1/cmtt/m/n/10.95 Chinese Premier visits memorial of
 []


Underfull \hbox (badness 10000) in paragraph at lines 489--489
\T1/cmtt/m/n/10.95 Mahatma Gandhi in New Delhi #India
 []


Underfull \hbox (badness 10000) in paragraph at lines 491--491
[]|\T1/cmtt/m/n/10.95 Xi, Obama meet for 1st summit #China
 []

[11]
<figure/data_fig1.pdf, id=69, 346.29375pt x 317.84099pt>
File: figure/data_fig1.pdf Graphic file (type pdf)
<use figure/data_fig1.pdf>
Package pdftex.def Info: figure/data_fig1.pdf  used on input line 504.
(pdftex.def)             Requested size: 180.67499pt x 165.83113pt.
<figure/data_fig2.pdf, id=70, 346.29375pt x 317.84099pt>
File: figure/data_fig2.pdf Graphic file (type pdf)
<use figure/data_fig2.pdf>
Package pdftex.def Info: figure/data_fig2.pdf  used on input line 507.
(pdftex.def)             Requested size: 180.67499pt x 165.83113pt.
[12 </Users/s7m/Dropbox/Research/EstimatingChina/figure/data_fig1.pdf> </Users/
s7m/Dropbox/Research/EstimatingChina/figure/data_fig2.pdf>]
<figure/freq.pdf, id=91, 722.7pt x 361.35pt>
File: figure/freq.pdf Graphic file (type pdf)
<use figure/freq.pdf>
Package pdftex.def Info: figure/freq.pdf  used on input line 517.
(pdftex.def)             Requested size: 361.34999pt x 180.67456pt.

Package natbib Warning: Citation `Miller2014c' on page 13 undefined on input li
ne 532.


Package natbib Warning: Citation `Jaros2017' on page 13 undefined on input line
 536.

<figure/Xi_Li.pdf, id=92, 722.7pt x 289.08pt>
File: figure/Xi_Li.pdf Graphic file (type pdf)
<use figure/Xi_Li.pdf>
Package pdftex.def Info: figure/Xi_Li.pdf  used on input line 544.
(pdftex.def)             Requested size: 361.34999pt x 144.53964pt.
<figure/Xi_ZG.pdf, id=93, 722.7pt x 289.08pt>
File: figure/Xi_ZG.pdf Graphic file (type pdf)
<use figure/Xi_ZG.pdf>
Package pdftex.def Info: figure/Xi_ZG.pdf  used on input line 550.
(pdftex.def)             Requested size: 361.34999pt x 144.53964pt.
[13 </Users/s7m/Dropbox/Research/EstimatingChina/figure/freq.pdf>] [14 </Users/
s7m/Dropbox/Research/EstimatingChina/figure/Xi_Li.pdf> </Users/s7m/Dropbox/Rese
arch/EstimatingChina/figure/Xi_ZG.pdf>] [15]

Package natbib Warning: Citation `Hoff2005' on page 16 undefined on input line 
607.


Package natbib Warning: Citation `Minhas2016a' on page 16 undefined on input li
ne 607.


Package natbib Warning: Citation `gallop:minhas:2018' on page 16 undefined on i
nput line 615.


Package natbib Warning: Citation `Hoff2008' on page 16 undefined on input line 
637.


Package natbib Warning: Citation `Minhas2016a' on page 16 undefined on input li
ne 646.

[16]
Package epstopdf Info: Source file: <figure/uViz.eps>
(epstopdf)                    date: 2018-06-27 14:30:39
(epstopdf)                    size: 5900273 bytes
(epstopdf)             Output file: <figure/uViz-eps-converted-to.pdf>
(epstopdf)                    date: 2018-07-13 12:55:14
(epstopdf)                    size: 54687 bytes
(epstopdf)             Command: <repstopdf --outfile=figure/uViz-eps-converted-
to.pdf figure/uViz.eps>
(epstopdf)             \includegraphics on input line 652.
Package epstopdf Info: Output file is already uptodate.
<figure/uViz-eps-converted-to.pdf, id=151, 578.16pt x 578.16pt>
File: figure/uViz-eps-converted-to.pdf Graphic file (type pdf)
<use figure/uViz-eps-converted-to.pdf>
Package pdftex.def Info: figure/uViz-eps-converted-to.pdf  used on input line 6
52.
(pdftex.def)             Requested size: 433.62pt x 433.61893pt.
[17] [18 </Users/s7m/Dropbox/Research/EstimatingChina/figure/uViz-eps-converted
-to.pdf>]
<figure/politSC18_circPlot.pdf, id=171, 433.62pt x 433.62pt>
File: figure/politSC18_circPlot.pdf Graphic file (type pdf)
<use figure/politSC18_circPlot.pdf>
Package pdftex.def Info: figure/politSC18_circPlot.pdf  used on input line 684.

(pdftex.def)             Requested size: 234.87749pt x 234.87912pt.
<figure/politSC19_circPlot.pdf, id=172, 433.62pt x 433.62pt>
File: figure/politSC19_circPlot.pdf Graphic file (type pdf)
<use figure/politSC19_circPlot.pdf>
Package pdftex.def Info: figure/politSC19_circPlot.pdf  used on input line 687.

(pdftex.def)             Requested size: 234.87749pt x 234.87912pt.

Overfull \hbox (20.27998pt too wide) in paragraph at lines 680--688
  [][][][] 
 []

[19 </Users/s7m/Dropbox/Research/EstimatingChina/figure/politSC18_circPlot.pdf>
 </Users/s7m/Dropbox/Research/EstimatingChina/figure/politSC19_circPlot.pdf>]
<figure/LSG_full.pdf, id=200, 361.35pt x 361.35pt>
File: figure/LSG_full.pdf Graphic file (type pdf)
<use figure/LSG_full.pdf>
Package pdftex.def Info: figure/LSG_full.pdf  used on input line 718.
(pdftex.def)             Requested size: 289.07999pt x 289.0804pt.
[20 </Users/s7m/Dropbox/Research/EstimatingChina/figure/LSG_full.pdf>]

Package natbib Warning: Citation `Reka2002' on page 21 undefined on input line 
744.


Package natbib Warning: Citation `Clauset2009' on page 21 undefined on input li
ne 744.

[21]
Overfull \hbox (4.65585pt too wide) detected at line 792
$\OML/ztmcm/m/it/12 :\OT1/ztmcm/m/n/12 16)$ 
 []


Overfull \hbox (4.65585pt too wide) detected at line 792
$\OML/ztmcm/m/it/12 :\OT1/ztmcm/m/n/12 17)$ 
 []


Overfull \hbox (4.65585pt too wide) detected at line 793
$\OML/ztmcm/m/it/12 :\OT1/ztmcm/m/n/12 18)$ 
 []


Overfull \hbox (9.5pt too wide) detected at line 793
$\OML/ztmcm/m/it/12 :\OT1/ztmcm/m/n/12 01[]$ 
 []


Overfull \hbox (5.0pt too wide) detected at line 793
$\OML/ztmcm/m/it/12 :\OT1/ztmcm/m/n/12 02[]$ 
 []


Overfull \hbox (5.0pt too wide) detected at line 794
$\OML/ztmcm/m/it/12 :\OT1/ztmcm/m/n/12 01[]$ 
 []


Overfull \hbox (4.65585pt too wide) detected at line 794
$\OML/ztmcm/m/it/12 :\OT1/ztmcm/m/n/12 00)$ 
 []


Overfull \hbox (4.65585pt too wide) detected at line 794
$\OML/ztmcm/m/it/12 :\OT1/ztmcm/m/n/12 01)$ 
 []


Overfull \hbox (4.65585pt too wide) detected at line 795
$\OML/ztmcm/m/it/12 :\OT1/ztmcm/m/n/12 00)$ 
 []


Overfull \hbox (14.0pt too wide) detected at line 795
$\OML/ztmcm/m/it/12 :\OT1/ztmcm/m/n/12 61[]$ 
 []


Overfull \hbox (14.0pt too wide) detected at line 795
$\OML/ztmcm/m/it/12 :\OT1/ztmcm/m/n/12 64[]$ 
 []


Overfull \hbox (14.0pt too wide) detected at line 796
$\OML/ztmcm/m/it/12 :\OT1/ztmcm/m/n/12 69[]$ 
 []


Overfull \hbox (4.65585pt too wide) detected at line 796
$\OML/ztmcm/m/it/12 :\OT1/ztmcm/m/n/12 18)$ 
 []


Overfull \hbox (4.65585pt too wide) detected at line 796
$\OML/ztmcm/m/it/12 :\OT1/ztmcm/m/n/12 19)$ 
 []


Overfull \hbox (4.65585pt too wide) detected at line 797
$\OML/ztmcm/m/it/12 :\OT1/ztmcm/m/n/12 20)$ 
 []


Overfull \hbox (4.65585pt too wide) detected at line 798
$\OML/ztmcm/m/it/12 :\OT1/ztmcm/m/n/12 07)$ 
 []


Overfull \hbox (9.5pt too wide) detected at line 800
$\OML/ztmcm/m/it/12 :\OT1/ztmcm/m/n/12 80[]$ 
 []


Overfull \hbox (4.65585pt too wide) detected at line 801
$\OML/ztmcm/m/it/12 :\OT1/ztmcm/m/n/12 28)$ 
 []


Overfull \hbox (12.25621pt too wide) in paragraph at lines 787--808
[][] 
 []


!pdfTeX error: pdflatex (file /Users/s7m/Dropbox/Research/EstimatingChina/figur
e/effects.pdf): PDF inclusion: required page does not exist <0>
 ==> Fatal error occurred, no output PDF file produced!
