This is pdfTeX, Version 3.14159265-2.6-1.40.19 (TeX Live 2018) (preloaded format=pdflatex 2018.12.12)  23 APR 2019 13:02
entering extended mode
 restricted \write18 enabled.
 file:line:error style messages enabled.
 %&-line parsing enabled.
**china_3whos.tex
(./china_3whos.tex
LaTeX2e <2018-12-01>
(/usr/local/texlive/2018/texmf-dist/tex/latex/base/article.cls
Document Class: article 2018/09/03 v1.4i Standard LaTeX document class
(/usr/local/texlive/2018/texmf-dist/tex/latex/base/size11.clo
File: size11.clo 2018/09/03 v1.4i Standard LaTeX file (size option)
)
\c@part=\count80
\c@section=\count81
\c@subsection=\count82
\c@subsubsection=\count83
\c@paragraph=\count84
\c@subparagraph=\count85
\c@figure=\count86
\c@table=\count87
\abovecaptionskip=\skip41
\belowcaptionskip=\skip42
\bibindent=\dimen102
)
(/usr/local/texlive/2018/texmf-dist/tex/latex/base/inputenc.sty
Package: inputenc 2018/08/11 v1.3c Input encoding file
\inpenc@prehook=\toks14
\inpenc@posthook=\toks15
)
(/usr/local/texlive/2018/texmf-dist/tex/latex/geometry/geometry.sty
Package: geometry 2018/04/16 v5.8 Page Geometry

(/usr/local/texlive/2018/texmf-dist/tex/latex/graphics/keyval.sty
Package: keyval 2014/10/28 v1.15 key=value parser (DPC)
\KV@toks@=\toks16
)
(/usr/local/texlive/2018/texmf-dist/tex/generic/oberdiek/ifpdf.sty
Package: ifpdf 2018/09/07 v3.3 Provides the ifpdf switch
)
(/usr/local/texlive/2018/texmf-dist/tex/generic/oberdiek/ifvtex.sty
Package: ifvtex 2016/05/16 v1.6 Detect VTeX and its facilities (HO)
Package ifvtex Info: VTeX not detected.
)
(/usr/local/texlive/2018/texmf-dist/tex/generic/ifxetex/ifxetex.sty
Package: ifxetex 2010/09/12 v0.6 Provides ifxetex conditional
)
\Gm@cnth=\count88
\Gm@cntv=\count89
\c@Gm@tempcnt=\count90
\Gm@bindingoffset=\dimen103
\Gm@wd@mp=\dimen104
\Gm@odd@mp=\dimen105
\Gm@even@mp=\dimen106
\Gm@layoutwidth=\dimen107
\Gm@layoutheight=\dimen108
\Gm@layouthoffset=\dimen109
\Gm@layoutvoffset=\dimen110
\Gm@dimlist=\toks17
)
(/usr/local/texlive/2018/texmf-dist/tex/latex/float/float.sty
Package: float 2001/11/08 v1.3d Float enhancements (AL)
\c@float@type=\count91
\float@exts=\toks18
\float@box=\box27
\@float@everytoks=\toks19
\@floatcapt=\box28
)
(/usr/local/texlive/2018/texmf-dist/tex/latex/amsmath/amsmath.sty
Package: amsmath 2018/12/01 v2.17b AMS math features
\@mathmargin=\skip43

For additional information on amsmath, use the `?' option.
(/usr/local/texlive/2018/texmf-dist/tex/latex/amsmath/amstext.sty
Package: amstext 2000/06/29 v2.01 AMS text

(/usr/local/texlive/2018/texmf-dist/tex/latex/amsmath/amsgen.sty
File: amsgen.sty 1999/11/30 v2.0 generic functions
\@emptytoks=\toks20
\ex@=\dimen111
))
(/usr/local/texlive/2018/texmf-dist/tex/latex/amsmath/amsbsy.sty
Package: amsbsy 1999/11/29 v1.2d Bold Symbols
\pmbraise@=\dimen112
)
(/usr/local/texlive/2018/texmf-dist/tex/latex/amsmath/amsopn.sty
Package: amsopn 2016/03/08 v2.02 operator names
)
\inf@bad=\count92
LaTeX Info: Redefining \frac on input line 223.
\uproot@=\count93
\leftroot@=\count94
LaTeX Info: Redefining \overline on input line 385.
\classnum@=\count95
\DOTSCASE@=\count96
LaTeX Info: Redefining \ldots on input line 482.
LaTeX Info: Redefining \dots on input line 485.
LaTeX Info: Redefining \cdots on input line 606.
\Mathstrutbox@=\box29
\strutbox@=\box30
\big@size=\dimen113
LaTeX Font Info:    Redeclaring font encoding OML on input line 729.
LaTeX Font Info:    Redeclaring font encoding OMS on input line 730.
\macc@depth=\count97
\c@MaxMatrixCols=\count98
\dotsspace@=\muskip10
\c@parentequation=\count99
\dspbrk@lvl=\count100
\tag@help=\toks21
\row@=\count101
\column@=\count102
\maxfields@=\count103
\andhelp@=\toks22
\eqnshift@=\dimen114
\alignsep@=\dimen115
\tagshift@=\dimen116
\tagwidth@=\dimen117
\totwidth@=\dimen118
\lineht@=\dimen119
\@envbody=\toks23
\multlinegap=\skip44
\multlinetaggap=\skip45
\mathdisplay@stack=\toks24
LaTeX Info: Redefining \[ on input line 2844.
LaTeX Info: Redefining \] on input line 2845.
)
(/usr/local/texlive/2018/texmf-dist/tex/latex/graphics/graphicx.sty
Package: graphicx 2017/06/01 v1.1a Enhanced LaTeX Graphics (DPC,SPQR)

(/usr/local/texlive/2018/texmf-dist/tex/latex/graphics/graphics.sty
Package: graphics 2017/06/25 v1.2c Standard LaTeX Graphics (DPC,SPQR)

(/usr/local/texlive/2018/texmf-dist/tex/latex/graphics/trig.sty
Package: trig 2016/01/03 v1.10 sin cos tan (DPC)
)
(/usr/local/texlive/2018/texmf-dist/tex/latex/graphics-cfg/graphics.cfg
File: graphics.cfg 2016/06/04 v1.11 sample graphics configuration
)
Package graphics Info: Driver file: pdftex.def on input line 99.

(/usr/local/texlive/2018/texmf-dist/tex/latex/graphics-def/pdftex.def
File: pdftex.def 2018/01/08 v1.0l Graphics/color driver for pdftex
))
\Gin@req@height=\dimen120
\Gin@req@width=\dimen121
)
(/usr/local/texlive/2018/texmf-dist/tex/latex/setspace/setspace.sty
Package: setspace 2011/12/19 v6.7a set line spacing
)
(/usr/local/texlive/2018/texmf-dist/tex/latex/natbib/natbib.sty
Package: natbib 2010/09/13 8.31b (PWD, AO)
\bibhang=\skip46
\bibsep=\skip47
LaTeX Info: Redefining \cite on input line 694.
\c@NAT@ctr=\count104
)
(/usr/local/texlive/2018/texmf-dist/tex/latex/base/fontenc.sty
Package: fontenc 2018/08/11 v2.0j Standard LaTeX package

(/usr/local/texlive/2018/texmf-dist/tex/latex/base/t1enc.def
File: t1enc.def 2018/08/11 v2.0j Standard LaTeX file
LaTeX Font Info:    Redeclaring font encoding T1 on input line 48.
))
(/usr/local/texlive/2018/texmf-dist/tex/latex/ae/ae.sty
Package: ae 2001/02/12 1.3 Almost European Computer Modern

(/usr/local/texlive/2018/texmf-dist/tex/latex/base/fontenc.sty
Package: fontenc 2018/08/11 v2.0j Standard LaTeX package

(/usr/local/texlive/2018/texmf-dist/tex/latex/base/t1enc.def
File: t1enc.def 2018/08/11 v2.0j Standard LaTeX file
LaTeX Font Info:    Redeclaring font encoding T1 on input line 48.
)
LaTeX Font Info:    Try loading font information for T1+aer on input line 105.

(/usr/local/texlive/2018/texmf-dist/tex/latex/ae/t1aer.fd
File: t1aer.fd 1997/11/16 Font definitions for T1/aer.
)))
(/usr/local/texlive/2018/texmf-dist/tex/latex/multirow/multirow.sty
Package: multirow 2019/01/01 v2.4 Span multiple rows of a table
\multirow@colwidth=\skip48
\multirow@cntb=\count105
\multirow@dima=\skip49
\bigstrutjot=\dimen122
)
(/usr/local/texlive/2018/texmf-dist/tex/latex/tools/dcolumn.sty
Package: dcolumn 2014/10/28 v1.06 decimal alignment package (DPC)

(/usr/local/texlive/2018/texmf-dist/tex/latex/tools/array.sty
Package: array 2018/12/30 v2.4k Tabular extension package (FMi)
\col@sep=\dimen123
\ar@mcellbox=\box31
\extrarowheight=\dimen124
\NC@list=\toks25
\extratabsurround=\skip50
\backup@length=\skip51
\ar@cellbox=\box32
))
(/usr/local/texlive/2018/texmf-dist/tex/latex/parskip/parskip.sty
Package: parskip 2019-01-16 v2.0c non-zero parskip adjustments

(/usr/local/texlive/2018/texmf-dist/tex/latex/oberdiek/kvoptions.sty
Package: kvoptions 2016/05/16 v3.12 Key value format for package options (HO)

(/usr/local/texlive/2018/texmf-dist/tex/generic/oberdiek/ltxcmds.sty
Package: ltxcmds 2016/05/16 v1.23 LaTeX kernel commands for general use (HO)
)
(/usr/local/texlive/2018/texmf-dist/tex/generic/oberdiek/kvsetkeys.sty
Package: kvsetkeys 2016/05/16 v1.17 Key value parser (HO)

(/usr/local/texlive/2018/texmf-dist/tex/generic/oberdiek/infwarerr.sty
Package: infwarerr 2016/05/16 v1.4 Providing info/warning/error messages (HO)
)
(/usr/local/texlive/2018/texmf-dist/tex/generic/oberdiek/etexcmds.sty
Package: etexcmds 2016/05/16 v1.6 Avoid name clashes with e-TeX commands (HO)

(/usr/local/texlive/2018/texmf-dist/tex/generic/oberdiek/ifluatex.sty
Package: ifluatex 2016/05/16 v1.4 Provides the ifluatex switch (HO)
Package ifluatex Info: LuaTeX not detected.
)
Package etexcmds Info: Could not find \expanded.
(etexcmds)             That can mean that you are not using pdfTeX 1.50 or
(etexcmds)             that some package has redefined \expanded.
(etexcmds)             In the latter case, load this package earlier.
)))
(/usr/local/texlive/2018/texmf-dist/tex/latex/etoolbox/etoolbox.sty
Package: etoolbox 2018/08/19 v2.5f e-TeX tools for LaTeX (JAW)
\etb@tempcnta=\count106
))
(/usr/local/texlive/2018/texmf-dist/tex/latex/booktabs/booktabs.sty
Package: booktabs 2016/04/27 v1.618033 publication quality tables
\heavyrulewidth=\dimen125
\lightrulewidth=\dimen126
\cmidrulewidth=\dimen127
\belowrulesep=\dimen128
\belowbottomsep=\dimen129
\aboverulesep=\dimen130
\abovetopsep=\dimen131
\cmidrulesep=\dimen132
\cmidrulekern=\dimen133
\defaultaddspace=\dimen134
\@cmidla=\count107
\@cmidlb=\count108
\@aboverulesep=\dimen135
\@belowrulesep=\dimen136
\@thisruleclass=\count109
\@lastruleclass=\count110
\@thisrulewidth=\dimen137
)
(/usr/local/texlive/2018/texmf-dist/tex/latex/footmisc/footmisc.sty
Package: footmisc 2011/06/06 v5.5b a miscellany of footnote facilities
\FN@temptoken=\toks26
\footnotemargin=\dimen138
\c@pp@next@reset=\count111
Package footmisc Info: Declaring symbol style bringhurst on input line 855.
Package footmisc Info: Declaring symbol style chicago on input line 863.
Package footmisc Info: Declaring symbol style wiley on input line 872.
Package footmisc Info: Declaring symbol style lamport-robust on input line 883.

Package footmisc Info: Declaring symbol style lamport* on input line 903.
Package footmisc Info: Declaring symbol style lamport*-robust on input line 924
.
)
(/usr/local/texlive/2018/texmf-dist/tex/latex/hyperref/hyperref.sty
Package: hyperref 2018/11/30 v6.88e Hypertext links for LaTeX

(/usr/local/texlive/2018/texmf-dist/tex/generic/oberdiek/hobsub-hyperref.sty
Package: hobsub-hyperref 2016/05/16 v1.14 Bundle oberdiek, subset hyperref (HO)


(/usr/local/texlive/2018/texmf-dist/tex/generic/oberdiek/hobsub-generic.sty
Package: hobsub-generic 2016/05/16 v1.14 Bundle oberdiek, subset generic (HO)
Package: hobsub 2016/05/16 v1.14 Construct package bundles (HO)
Package hobsub Info: Skipping package `infwarerr' (already loaded).
Package hobsub Info: Skipping package `ltxcmds' (already loaded).
Package hobsub Info: Skipping package `ifluatex' (already loaded).
Package hobsub Info: Skipping package `ifvtex' (already loaded).
Package: intcalc 2016/05/16 v1.2 Expandable calculations with integers (HO)
Package hobsub Info: Skipping package `ifpdf' (already loaded).
Package hobsub Info: Skipping package `etexcmds' (already loaded).
Package hobsub Info: Skipping package `kvsetkeys' (already loaded).
Package: kvdefinekeys 2016/05/16 v1.4 Define keys (HO)
Package: pdftexcmds 2018/09/10 v0.29 Utility functions of pdfTeX for LuaTeX (HO
)
Package pdftexcmds Info: LuaTeX not detected.
Package pdftexcmds Info: \pdf@primitive is available.
Package pdftexcmds Info: \pdf@ifprimitive is available.
Package pdftexcmds Info: \pdfdraftmode found.
Package: pdfescape 2016/05/16 v1.14 Implements pdfTeX's escape features (HO)
Package: bigintcalc 2016/05/16 v1.4 Expandable calculations on big integers (HO
)
Package: bitset 2016/05/16 v1.2 Handle bit-vector datatype (HO)
Package: uniquecounter 2016/05/16 v1.3 Provide unlimited unique counter (HO)
)
Package hobsub Info: Skipping package `hobsub' (already loaded).
Package: letltxmacro 2016/05/16 v1.5 Let assignment for LaTeX macros (HO)
Package: hopatch 2016/05/16 v1.3 Wrapper for package hooks (HO)
Package: xcolor-patch 2016/05/16 xcolor patch
Package: atveryend 2016/05/16 v1.9 Hooks at the very end of document (HO)
Package: atbegshi 2016/06/09 v1.18 At begin shipout hook (HO)
Package: refcount 2016/05/16 v3.5 Data extraction from label references (HO)
Package: hycolor 2016/05/16 v1.8 Color options for hyperref/bookmark (HO)
)
(/usr/local/texlive/2018/texmf-dist/tex/latex/oberdiek/auxhook.sty
Package: auxhook 2016/05/16 v1.4 Hooks for auxiliary files (HO)
)
\@linkdim=\dimen139
\Hy@linkcounter=\count112
\Hy@pagecounter=\count113

(/usr/local/texlive/2018/texmf-dist/tex/latex/hyperref/pd1enc.def
File: pd1enc.def 2018/11/30 v6.88e Hyperref: PDFDocEncoding definition (HO)
Now handling font encoding PD1 ...
... no UTF-8 mapping file for font encoding PD1
)
\Hy@SavedSpaceFactor=\count114

(/usr/local/texlive/2018/texmf-dist/tex/latex/latexconfig/hyperref.cfg
File: hyperref.cfg 2002/06/06 v1.2 hyperref configuration of TeXLive
)
Package hyperref Info: Option `colorlinks' set `true' on input line 4393.
Package hyperref Info: Hyper figures OFF on input line 4519.
Package hyperref Info: Link nesting OFF on input line 4524.
Package hyperref Info: Hyper index ON on input line 4527.
Package hyperref Info: Plain pages OFF on input line 4534.
Package hyperref Info: Backreferencing OFF on input line 4539.
Package hyperref Info: Implicit mode ON; LaTeX internals redefined.
Package hyperref Info: Bookmarks ON on input line 4772.
\c@Hy@tempcnt=\count115

(/usr/local/texlive/2018/texmf-dist/tex/latex/url/url.sty
\Urlmuskip=\muskip11
Package: url 2013/09/16  ver 3.4  Verb mode for urls, etc.
)
LaTeX Info: Redefining \url on input line 5125.
\XeTeXLinkMargin=\dimen140
\Fld@menulength=\count116
\Field@Width=\dimen141
\Fld@charsize=\dimen142
Package hyperref Info: Hyper figures OFF on input line 6380.
Package hyperref Info: Link nesting OFF on input line 6385.
Package hyperref Info: Hyper index ON on input line 6388.
Package hyperref Info: backreferencing OFF on input line 6395.
Package hyperref Info: Link coloring ON on input line 6398.
Package hyperref Info: Link coloring with OCG OFF on input line 6405.
Package hyperref Info: PDF/A mode OFF on input line 6410.
LaTeX Info: Redefining \ref on input line 6450.
LaTeX Info: Redefining \pageref on input line 6454.
\Hy@abspage=\count117
\c@Item=\count118
\c@Hfootnote=\count119
)
Package hyperref Info: Driver (autodetected): hpdftex.

(/usr/local/texlive/2018/texmf-dist/tex/latex/hyperref/hpdftex.def
File: hpdftex.def 2018/11/30 v6.88e Hyperref driver for pdfTeX
\Fld@listcount=\count120
\c@bookmark@seq@number=\count121

(/usr/local/texlive/2018/texmf-dist/tex/latex/oberdiek/rerunfilecheck.sty
Package: rerunfilecheck 2016/05/16 v1.8 Rerun checks for auxiliary files (HO)
Package uniquecounter Info: New unique counter `rerunfilecheck' on input line 2
82.
)
\Hy@SectionHShift=\skip52
)
(/usr/local/texlive/2018/texmf-dist/tex/latex/subfig/subfig.sty
Package: subfig 2005/06/28 ver: 1.3 subfig package

(/usr/local/texlive/2018/texmf-dist/tex/latex/caption/caption.sty
Package: caption 2018/10/06 v3.3-154 Customizing captions (AR)

(/usr/local/texlive/2018/texmf-dist/tex/latex/caption/caption3.sty
Package: caption3 2018/09/12 v1.8c caption3 kernel (AR)
Package caption3 Info: TeX engine: e-TeX on input line 64.
\captionmargin=\dimen143
\captionmargin@=\dimen144
\captionwidth=\dimen145
\caption@tempdima=\dimen146
\caption@indent=\dimen147
\caption@parindent=\dimen148
\caption@hangindent=\dimen149
)
\c@caption@flags=\count122
\c@ContinuedFloat=\count123
Package caption Info: float package is loaded.
Package caption Info: hyperref package is loaded.
)
\c@KVtest=\count124
\sf@farskip=\skip53
\sf@captopadj=\dimen150
\sf@capskip=\skip54
\sf@nearskip=\skip55
\c@subfigure=\count125
\c@subfigure@save=\count126
\c@lofdepth=\count127
\c@subtable=\count128
\c@subtable@save=\count129
\c@lotdepth=\count130
\sf@top=\skip56
\sf@bottom=\skip57
)
(/usr/local/texlive/2018/texmf-dist/tex/generic/babel/babel.sty
Package: babel 2018/11/13 3.27 The Babel package

(/usr/local/texlive/2018/texmf-dist/tex/generic/babel/switch.def
File: switch.def 2018/11/13 3.27 Babel switching mechanism
)
(/usr/local/texlive/2018/texmf-dist/tex/generic/babel-english/english.ldf
Language: english 2017/06/06 v3.3r English support from the babel system

(/usr/local/texlive/2018/texmf-dist/tex/generic/babel/babel.def
File: babel.def 2018/11/13 3.27 Babel common definitions
\babel@savecnt=\count131
\U@D=\dimen151

(/usr/local/texlive/2018/texmf-dist/tex/generic/babel/txtbabel.def)
\bbl@dirlevel=\count132
)
\l@canadian = a dialect from \language\l@american 
\l@australian = a dialect from \language\l@british 
\l@newzealand = a dialect from \language\l@british 
))
No file china_3whos.aux.
\openout1 = `china_3whos.aux'.

LaTeX Font Info:    Checking defaults for OML/cmm/m/it on input line 42.
LaTeX Font Info:    ... okay on input line 42.
LaTeX Font Info:    Checking defaults for T1/cmr/m/n on input line 42.
LaTeX Font Info:    ... okay on input line 42.
LaTeX Font Info:    Checking defaults for OT1/cmr/m/n on input line 42.
LaTeX Font Info:    ... okay on input line 42.
LaTeX Font Info:    Checking defaults for OMS/cmsy/m/n on input line 42.
LaTeX Font Info:    ... okay on input line 42.
LaTeX Font Info:    Checking defaults for OMX/cmex/m/n on input line 42.
LaTeX Font Info:    ... okay on input line 42.
LaTeX Font Info:    Checking defaults for U/cmr/m/n on input line 42.
LaTeX Font Info:    ... okay on input line 42.
LaTeX Font Info:    Checking defaults for PD1/pdf/m/n on input line 42.
LaTeX Font Info:    ... okay on input line 42.
*geometry* driver: auto-detecting
*geometry* detected driver: pdftex
*geometry* verbose mode - [ preamble ] result:
* driver: pdftex
* paper: <default>
* layout: <same size as paper>
* layoutoffset:(h,v)=(0.0pt,0.0pt)
* modes: 
* h-part:(L,W,R)=(72.26999pt, 469.75502pt, 72.26999pt)
* v-part:(T,H,B)=(72.26999pt, 650.43001pt, 72.26999pt)
* \paperwidth=614.295pt
* \paperheight=794.96999pt
* \textwidth=469.75502pt
* \textheight=650.43001pt
* \oddsidemargin=0.0pt
* \evensidemargin=0.0pt
* \topmargin=-37.0pt
* \headheight=12.0pt
* \headsep=25.0pt
* \topskip=11.0pt
* \footskip=30.0pt
* \marginparwidth=59.0pt
* \marginparsep=10.0pt
* \columnsep=10.0pt
* \skip\footins=10.0pt plus 4.0pt minus 2.0pt
* \hoffset=0.0pt
* \voffset=0.0pt
* \mag=1000
* \@twocolumnfalse
* \@twosidefalse
* \@mparswitchfalse
* \@reversemarginfalse
* (1in=72.27pt=25.4mm, 1cm=28.453pt)

(/usr/local/texlive/2018/texmf-dist/tex/context/base/mkii/supp-pdf.mkii
[Loading MPS to PDF converter (version 2006.09.02).]
\scratchcounter=\count133
\scratchdimen=\dimen152
\scratchbox=\box33
\nofMPsegments=\count134
\nofMParguments=\count135
\everyMPshowfont=\toks27
\MPscratchCnt=\count136
\MPscratchDim=\dimen153
\MPnumerator=\count137
\makeMPintoPDFobject=\count138
\everyMPtoPDFconversion=\toks28
) (/usr/local/texlive/2018/texmf-dist/tex/latex/oberdiek/epstopdf-base.sty
Package: epstopdf-base 2016/05/15 v2.6 Base part for package epstopdf

(/usr/local/texlive/2018/texmf-dist/tex/latex/oberdiek/grfext.sty
Package: grfext 2016/05/16 v1.2 Manage graphics extensions (HO)
)
Package epstopdf-base Info: Redefining graphics rule for `.eps' on input line 4
38.
Package grfext Info: Graphics extension search list:
(grfext)             [.pdf,.png,.jpg,.mps,.jpeg,.jbig2,.jb2,.PDF,.PNG,.JPG,.JPE
G,.JBIG2,.JB2,.eps]
(grfext)             \AppendGraphicsExtensions on input line 456.

(/usr/local/texlive/2018/texmf-dist/tex/latex/latexconfig/epstopdf-sys.cfg
File: epstopdf-sys.cfg 2010/07/13 v1.3 Configuration of (r)epstopdf for TeX Liv
e
))
\AtBeginShipoutBox=\box34

(/usr/local/texlive/2018/texmf-dist/tex/latex/graphics/color.sty
Package: color 2016/07/10 v1.1e Standard LaTeX Color (DPC)

(/usr/local/texlive/2018/texmf-dist/tex/latex/graphics-cfg/color.cfg
File: color.cfg 2016/01/02 v1.6 sample color configuration
)
Package color Info: Driver file: pdftex.def on input line 147.
)
Package hyperref Info: Link coloring ON on input line 42.

(/usr/local/texlive/2018/texmf-dist/tex/latex/hyperref/nameref.sty
Package: nameref 2016/05/21 v2.44 Cross-referencing by name of section

(/usr/local/texlive/2018/texmf-dist/tex/generic/oberdiek/gettitlestring.sty
Package: gettitlestring 2016/05/16 v1.5 Cleanup title references (HO)
)
\c@section@level=\count139
)
LaTeX Info: Redefining \ref on input line 42.
LaTeX Info: Redefining \pageref on input line 42.
LaTeX Info: Redefining \nameref on input line 42.
\@outlinefile=\write3
\openout3 = `china_3whos.out'.

Package caption Info: Begin \AtBeginDocument code.
Package caption Info: subfig package v1.3 is loaded.
Package caption Info: End \AtBeginDocument code.
LaTeX Font Info:    Try loading font information for OMS+aer on input line 48.

(/usr/local/texlive/2018/texmf-dist/tex/latex/ae/omsaer.fd
File: omsaer.fd 1999/12/27
)
LaTeX Font Info:    Font shape `OMS/aer/m/n' in size <12> not available
(Font)              Font shape `OMS/cmsy/m/n' tried instead on input line 48.


LaTeX Warning: No \author given.

LaTeX Font Info:    Font shape `OMS/aer/m/n' in size <6> not available
(Font)              Font shape `OMS/cmsy/m/n' tried instead on input line 48.
[1

{/usr/local/texlive/2018/texmf-var/fonts/map/pdftex/updmap/pdftex.map}]
\myfootnotesep=\skip58


Package natbib Warning: Citation `Svolik2012' on page 2 undefined on input line
 71.


Package natbib Warning: Citation `BDMetal2003' on page 2 undefined on input lin
e 71.


Package natbib Warning: Citation `Acemoglu2008a' on page 2 undefined on input l
ine 71.


Package natbib Warning: Citation `Svolik2012' on page 2 undefined on input line
 71.


Package natbib Warning: Citation `Brownlee2007' on page 2 undefined on input li
ne 71.


Package natbib Warning: Citation `Gandhi2008' on page 2 undefined on input line
 71.


Package natbib Warning: Citation `Magaloni2008' on page 2 undefined on input li
ne 71.


Package natbib Warning: Citation `Magaloni2010' on page 2 undefined on input li
ne 71.


Package natbib Warning: Citation `Boix2013a' on page 2 undefined on input line 
71.


Package natbib Warning: Citation `Bizzarro2018' on page 2 undefined on input li
ne 71.


Package natbib Warning: Citation `Miller2015b' on page 2 undefined on input lin
e 71.


Package natbib Warning: Citation `Weeks2012' on page 2 undefined on input line 
71.


Package natbib Warning: Citation `Pepinsky2014' on page 2 undefined on input li
ne 71.


Package natbib Warning: Citation `Brancati2014a' on page 2 undefined on input l
ine 71.


Package natbib Warning: Citation `Li1989' on page 2 undefined on input line 73.



Package natbib Warning: Citation `Levitsky2001' on page 2 undefined on input li
ne 73.


Package natbib Warning: Citation `Albrecht2004' on page 2 undefined on input li
ne 73.


Package natbib Warning: Citation `Perthes2004' on page 2 undefined on input lin
e 73.


Package natbib Warning: Citation `Shih2010' on page 2 undefined on input line 7
3.


Package natbib Warning: Citation `Opper2015' on page 2 undefined on input line 
73.


Package natbib Warning: Citation `Buehler2017' on page 2 undefined on input lin
e 73.


Package natbib Warning: Citation `Minhas2016a' on page 2 undefined on input lin
e 75.

[2]

Package natbib Warning: Citation `Nathan1973' on page 3 undefined on input line
 77.


Package natbib Warning: Citation `Tsou1976' on page 3 undefined on input line 7
7.


Package natbib Warning: Citation `Shih2010' on page 3 undefined on input line 7
7.


Package natbib Warning: Citation `Miller2014b' on page 3 undefined on input lin
e 77.


Package natbib Warning: Citation `Naughton2014' on page 3 undefined on input li
ne 77.


Package natbib Warning: Citation `Lampton2015' on page 3 undefined on input lin
e 77.


Package natbib Warning: Citation `Shirk2018' on page 3 undefined on input line 
77.


Package natbib Warning: Citation `Minhas2016a' on page 3 undefined on input lin
e 77.


Package natbib Warning: Citation `Batke2017' on page 3 undefined on input line 
79.


Package natbib Warning: Citation `Huhe2018a' on page 3 undefined on input line 
79.


Package natbib Warning: Citation `Hamrin1992' on page 3 undefined on input line
 79.


Package natbib Warning: Citation `Lieberthal1992a' on page 3 undefined on input
 line 79.


Package natbib Warning: Citation `Miller2014a' on page 3 undefined on input lin
e 79.


Package natbib Warning: Citation `Naughton2014' on page 3 undefined on input li
ne 79.


Package natbib Warning: Citation `Johnson2017' on page 3 undefined on input lin
e 79.


Package natbib Warning: Citation `Lee2017' on page 3 undefined on input line 79
.


Package natbib Warning: Citation `Shirk2018' on page 3 undefined on input line 
79.

[3]

Package natbib Warning: Citation `Hunter1953' on page 4 undefined on input line
 85.


Package natbib Warning: Citation `Mills2000' on page 4 undefined on input line 
85.


Package natbib Warning: Citation `Dahl1961' on page 4 undefined on input line 8
5.


Package natbib Warning: Citation `Dahl1971' on page 4 undefined on input line 8
5.


Package natbib Warning: Citation `Svolik2012' on page 4 undefined on input line
 85.

[4]

Package natbib Warning: Citation `Hunter1953' on page 5 undefined on input line
 87.


Package natbib Warning: Citation `Ishiyama2014' on page 5 undefined on input li
ne 87.


Package natbib Warning: Citation `Jaros2017' on page 5 undefined on input line 
89.


Package natbib Warning: Citation `Huang2015b' on page 5 undefined on input line
 89.


Package natbib Warning: Citation `Jaros2017' on page 5 undefined on input line 
89.


Package natbib Warning: Citation `Ban2018' on page 5 undefined on input line 89
.


Package natbib Warning: Citation `Pye1981' on page 5 undefined on input line 91
.


Package natbib Warning: Citation `Nathan1995' on page 5 undefined on input line
 91.


Package natbib Warning: Citation `Huang2000' on page 5 undefined on input line 
91.


Package natbib Warning: Citation `Shih2010' on page 5 undefined on input line 9
1.


Package natbib Warning: Citation `Shih2012' on page 5 undefined on input line 9
1.


Package natbib Warning: Citation `Meyer2016' on page 5 undefined on input line 
91.

[5]

Package natbib Warning: Citation `Domhoff2005' on page 6 undefined on input lin
e 101.


Package natbib Warning: Citation `Dahl1961' on page 6 undefined on input line 1
01.

[6]

Package natbib Warning: Citation `Feld1981' on page 7 undefined on input line 1
03.


Package natbib Warning: Citation `Dahl1961' on page 7 undefined on input line 1
05.

[7]

Package natbib Warning: Citation `Jaros2017' on page 8 undefined on input line 
111.


Package natbib Warning: Citation `Kenny2006' on page 8 undefined on input line 
111.


Package natbib Warning: Citation `Shih2010' on page 8 undefined on input line 1
11.

[8]

Package natbib Warning: Citation `Miller2015d' on page 9 undefined on input lin
e 113.

[9]

LaTeX Warning: Reference `tab:eventDesc' on page 10 undefined on input line 121
.


LaTeX Warning: Reference `tab:eventDesc' on page 10 undefined on input line 121
.


LaTeX Warning: Reference `fig:focinet' on page 10 undefined on input line 121.


LaTeX Warning: Reference `tab:eventDesc' on page 10 undefined on input line 121
.


LaTeX Warning: Reference `fig:appnet' on page 10 undefined on input line 121.

LaTeX Font Info:    Try loading font information for T1+aett on input line 134.

(/usr/local/texlive/2018/texmf-dist/tex/latex/ae/t1aett.fd
File: t1aett.fd 1997/11/16 Font definitions for T1/aett.
)
Underfull \hbox (badness 10000) in paragraph at lines 134--134
[]|\T1/aett/m/n/10 Vice-Chairman of the Cen-tral Mil-i-tary
 []


Underfull \hbox (badness 10000) in paragraph at lines 134--134
\T1/aett/m/n/10 Com-mis-sion calls for ef-forts to pro-mote
 []


Underfull \hbox (badness 10000) in paragraph at lines 134--134
\T1/aett/m/n/10 unity among army, gov-ern-ment and the peo-
 []


Underfull \hbox (badness 10000) in paragraph at lines 136--136
[]|\T1/aett/m/n/10 Xi Jin-ping urges #CPC to ac-cept crit-i-
 []


Underfull \hbox (badness 10000) in paragraph at lines 136--136
\T1/aett/m/n/10 cism and be re-cep-tive to the views of
 []


Underfull \hbox (badness 10000) in paragraph at lines 136--137
[]|\T1/aett/m/n/10 Xi Jin-ping, Li Ke-qing, Yu
 []


Underfull \hbox (badness 10000) in paragraph at lines 138--138
[]|\T1/aett/m/n/10 Xi Jin-ping en-dorses work of Hong Kong
 []


Underfull \hbox (badness 10000) in paragraph at lines 138--139
[]|\T1/aett/m/n/10 Xi Jin-ping, Zhang De-jiang,
 []


Underfull \hbox (badness 10000) in paragraph at lines 140--140
[]|\T1/aett/m/n/10 Premier stresses fore-sight in eco-nomic
 []


Underfull \hbox (badness 10000) in paragraph at lines 140--141
[]|\T1/aett/m/n/10 Li Ke-qiang, Zhang Gaoli, Ma
 []


Underfull \hbox (badness 10000) in paragraph at lines 142--142
[]|\T1/aett/m/n/10 Chinese Pre-mier vis-its memo-rial of Ma-
 []

[10]
<figure/data_fig1.pdf, id=68, 346.29375pt x 317.84099pt>
File: figure/data_fig1.pdf Graphic file (type pdf)
<use figure/data_fig1.pdf>
Package pdftex.def Info: figure/data_fig1.pdf  used on input line 157.
(pdftex.def)             Requested size: 180.67499pt x 165.83113pt.
<figure/data_fig2.pdf, id=69, 346.29375pt x 317.84099pt>
File: figure/data_fig2.pdf Graphic file (type pdf)
<use figure/data_fig2.pdf>
Package pdftex.def Info: figure/data_fig2.pdf  used on input line 160.
(pdftex.def)             Requested size: 180.67499pt x 165.83113pt.
<figure/freq.pdf, id=70, 505.89pt x 216.81pt>
File: figure/freq.pdf Graphic file (type pdf)
<use figure/freq.pdf>
Package pdftex.def Info: figure/freq.pdf  used on input line 169.
(pdftex.def)             Requested size: 469.75502pt x 201.32684pt.

Overfull \hbox (2.43086pt too wide) in paragraph at lines 168--170
  [] 
 []

[11 <./figure/data_fig1.pdf> <./figure/data_fig2.pdf>]

LaTeX Warning: Reference `fig:freq' on page 12 undefined on input line 176.


Package natbib Warning: Citation `Miller2014c' on page 12 undefined on input li
ne 176.


Package natbib Warning: Citation `Jaros2017' on page 12 undefined on input line
 176.


LaTeX Warning: Reference `fig:coappFreqs' on page 12 undefined on input line 17
8.


LaTeX Warning: Reference `fig:Xi_Li' on page 12 undefined on input line 178.


LaTeX Warning: Reference `fig:Xi_Li' on page 12 undefined on input line 178.


LaTeX Warning: Reference `fig:Xi_ZG' on page 12 undefined on input line 178.

[12 <./figure/freq.pdf>]
<figure/Xi_Li.pdf, id=104, 505.89pt x 216.81pt>
File: figure/Xi_Li.pdf Graphic file (type pdf)
<use figure/Xi_Li.pdf>
Package pdftex.def Info: figure/Xi_Li.pdf  used on input line 186.
(pdftex.def)             Requested size: 375.80544pt x 161.06213pt.
<figure/Xi_ZG.pdf, id=105, 505.89pt x 216.81pt>
File: figure/Xi_ZG.pdf Graphic file (type pdf)
<use figure/Xi_ZG.pdf>
Package pdftex.def Info: figure/Xi_ZG.pdf  used on input line 192.
(pdftex.def)             Requested size: 375.80544pt x 161.06213pt.


LaTeX Warning: Reference `fig:fullCoappNet' on page 13 undefined on input line 
199.


LaTeX Warning: Reference `fig:fullCoappNet' on page 13 undefined on input line 
199.


Package natbib Warning: Citation `fruchterman:reingold:1991' on page 13 undefin
ed on input line 199.

[13 <./figure/Xi_Li.pdf> <./figure/Xi_ZG.pdf>]
<figure/dvViz_names.pdf, id=127, 753.81625pt x 686.565pt>
File: figure/dvViz_names.pdf Graphic file (type pdf)
<use figure/dvViz_names.pdf>
Package pdftex.def Info: figure/dvViz_names.pdf  used on input line 203.
(pdftex.def)             Requested size: 422.77664pt x 385.04996pt.


Package natbib Warning: Citation `Hoff2005' on page 14 undefined on input line 
212.


Package natbib Warning: Citation `Minhas2016a' on page 14 undefined on input li
ne 212.

[14] [15 <./figure/dvViz_names.pdf>]

Package natbib Warning: Citation `Hoff2008' on page 16 undefined on input line 
223.


Package natbib Warning: Citation `Minhas2016a' on page 16 undefined on input li
ne 223.

[16]
<figure/uViz.pdf, id=170, 578.16pt x 578.16pt>
File: figure/uViz.pdf Graphic file (type pdf)
<use figure/uViz.pdf>
Package pdftex.def Info: figure/uViz.pdf  used on input line 230.
(pdftex.def)             Requested size: 361.34999pt x 361.3491pt.


LaTeX Warning: Reference `fig:uv' on page 17 undefined on input line 238.

[17 <./figure/uViz.pdf>]
<figure/politSC18.pdf, id=187, 433.62pt x 433.62pt>
File: figure/politSC18.pdf Graphic file (type pdf)
<use figure/politSC18.pdf>
Package pdftex.def Info: figure/politSC18.pdf  used on input line 246.
(pdftex.def)             Requested size: 234.87749pt x 234.87912pt.
<figure/politSC19.pdf, id=188, 433.62pt x 433.62pt>
File: figure/politSC19.pdf Graphic file (type pdf)
<use figure/politSC19.pdf>
Package pdftex.def Info: figure/politSC19.pdf  used on input line 249.
(pdftex.def)             Requested size: 234.87749pt x 234.87912pt.

Overfull \hbox (24.30862pt too wide) in paragraph at lines 242--250
  [][][][] 
 []


LaTeX Warning: Reference `fig:uv' on page 18 undefined on input line 256.


LaTeX Warning: Reference `fig:uvSlices' on page 18 undefined on input line 256.



LaTeX Warning: Reference `fig:uv18' on page 18 undefined on input line 256.


LaTeX Warning: Reference `fig:uv18' on page 18 undefined on input line 256.


Package natbib Warning: Citation `Jaros2017' on page 18 undefined on input line
 256.


LaTeX Warning: Reference `fig:uv18' on page 18 undefined on input line 256.


LaTeX Warning: Reference `fig:uv19' on page 18 undefined on input line 256.

[18 <./figure/politSC18.pdf> <./figure/politSC19.pdf>]

Package natbib Warning: Citation `Huhe2018a' on page 19 undefined on input line
 260.


Package natbib Warning: Citation `Hamrin1992' on page 19 undefined on input lin
e 260.


Package natbib Warning: Citation `Lieberthal1992a' on page 19 undefined on inpu
t line 260.


Package natbib Warning: Citation `Huhe2018a' on page 19 undefined on input line
 260.


LaTeX Warning: Reference `fig:lsgNet' on page 19 undefined on input line 260.


Package natbib Warning: Citation `Batke2017' on page 19 undefined on input line
 260.


Package natbib Warning: Citation `Huhe2018a' on page 19 undefined on input line
 260.

<figure/LSG_full.pdf, id=214, 361.35pt x 361.35pt>
File: figure/LSG_full.pdf Graphic file (type pdf)
<use figure/LSG_full.pdf>
Package pdftex.def Info: figure/LSG_full.pdf  used on input line 265.
(pdftex.def)             Requested size: 252.94499pt x 252.94327pt.
[19]
Overfull \hbox (4.25835pt too wide) detected at line 283
$\OML/cmm/m/it/10.95 :\OT1/cmr/m/n/10.95 16)$ 
 []


Overfull \hbox (4.25835pt too wide) detected at line 283
$\OML/cmm/m/it/10.95 :\OT1/cmr/m/n/10.95 17)$ 
 []


Overfull \hbox (4.25835pt too wide) detected at line 284
$\OML/cmm/m/it/10.95 :\OT1/cmr/m/n/10.95 18)$ 
 []


Overfull \hbox (13.25018pt too wide) detected at line 284
$\OML/cmm/m/it/10.95 :\OT1/cmr/m/n/10.95 01[]$ 
 []


Overfull \hbox (4.75006pt too wide) detected at line 284
$\OML/cmm/m/it/10.95 :\OT1/cmr/m/n/10.95 02[]$ 
 []


Overfull \hbox (9.00012pt too wide) detected at line 285
$\OML/cmm/m/it/10.95 :\OT1/cmr/m/n/10.95 01[]$ 
 []


Overfull \hbox (4.25835pt too wide) detected at line 285
$\OML/cmm/m/it/10.95 :\OT1/cmr/m/n/10.95 00)$ 
 []


Overfull \hbox (4.25835pt too wide) detected at line 285
$\OML/cmm/m/it/10.95 :\OT1/cmr/m/n/10.95 01)$ 
 []


Overfull \hbox (4.25835pt too wide) detected at line 288
$\OML/cmm/m/it/10.95 :\OT1/cmr/m/n/10.95 00)$ 
 []


Overfull \hbox (4.25835pt too wide) detected at line 289
$\OML/cmm/m/it/10.95 :\OT1/cmr/m/n/10.95 07)$ 
 []


Overfull \hbox (13.25018pt too wide) detected at line 291
$\OML/cmm/m/it/10.95 :\OT1/cmr/m/n/10.95 80[]$ 
 []


Overfull \hbox (4.25835pt too wide) detected at line 296
$\OML/cmm/m/it/10.95 :\OT1/cmr/m/n/10.95 28)$ 
 []


LaTeX Warning: Reference `tab:xiMods' on page 20 undefined on input line 302.

[20 <./figure/LSG_full.pdf>]

LaTeX Warning: Reference `fig:effects' on page 21 undefined on input line 304.

<figure/effects.pdf, id=231, 578.16pt x 289.08pt>
File: figure/effects.pdf Graphic file (type pdf)
<use figure/effects.pdf>
Package pdftex.def Info: figure/effects.pdf  used on input line 309.
(pdftex.def)             Requested size: 469.75502pt x 234.8769pt.

Overfull \hbox (2.43086pt too wide) in paragraph at lines 308--310
  [] 
 []


LaTeX Warning: Reference `tab:xiModsPerf' on page 21 undefined on input line 31
6.


Package natbib Warning: Citation `czado:etal:2009' on page 21 undefined on inpu
t line 316.

[21 <./figure/effects.pdf>]

LaTeX Warning: Reference `tab:xiMods' on page 22 undefined on input line 321.


LaTeX Warning: Reference `tab:xiMods' on page 22 undefined on input line 321.


Package natbib Warning: Citation `Huhe2018a' on page 22 undefined on input line
 337.


LaTeX Warning: Reference `tab:bivarProbit' on page 22 undefined on input line 3
39.

[22]
Overfull \hbox (12.79169pt too wide) detected at line 354
$\OML/cmm/m/it/10 :\OT1/cmr/m/n/10 05[]$ 
 []


Overfull \hbox (12.79169pt too wide) detected at line 354
$\OML/cmm/m/it/10 :\OT1/cmr/m/n/10 06[]$ 
 []


Overfull \hbox (3.8889pt too wide) detected at line 355
$\OML/cmm/m/it/10 :\OT1/cmr/m/n/10 02)$ 
 []


Overfull \hbox (3.8889pt too wide) detected at line 355
$\OML/cmm/m/it/10 :\OT1/cmr/m/n/10 00)$ 
 []


Overfull \hbox (3.8889pt too wide) detected at line 355
$\OML/cmm/m/it/10 :\OT1/cmr/m/n/10 02)$ 
 []


Overfull \hbox (3.8889pt too wide) detected at line 356
$\OML/cmm/m/it/10 :\OT1/cmr/m/n/10 00)$ 
 []


Overfull \hbox (8.69446pt too wide) detected at line 356
$\OML/cmm/m/it/10 :\OT1/cmr/m/n/10 62[]$ 
 []


Overfull \hbox (3.8889pt too wide) detected at line 357
$\OML/cmm/m/it/10 :\OT1/cmr/m/n/10 29)$ 
 []


Overfull \hbox (3.8889pt too wide) detected at line 357
$\OML/cmm/m/it/10 :\OT1/cmr/m/n/10 23)$ 
 []


Overfull \hbox (12.79169pt too wide) detected at line 359
$\OML/cmm/m/it/10 :\OT1/cmr/m/n/10 86[]$ 
 []


Overfull \hbox (3.8889pt too wide) detected at line 359
$\OML/cmm/m/it/10 :\OT1/cmr/m/n/10 36)$ 
 []


Overfull \hbox (3.8889pt too wide) detected at line 360
$\OML/cmm/m/it/10 :\OT1/cmr/m/n/10 40)$ 
 []

[23]

Package natbib Warning: Citation `Pye1995' on page 24 undefined on input line 3
80.


Package natbib Warning: Citation `Dahl1961' on page 24 undefined on input line 
382.

[24]
No file china_3whos.bbl.

Package natbib Warning: There were undefined citations.

Package atveryend Info: Empty hook `BeforeClearDocument' on input line 396.
[25]
Package atveryend Info: Empty hook `AfterLastShipout' on input line 396.
 (./china_3whos.aux)
Package atveryend Info: Executing hook `AtVeryEndDocument' on input line 396.
Package atveryend Info: Executing hook `AtEndAfterFileList' on input line 396.


Package rerunfilecheck Warning: File `china_3whos.out' has changed.
(rerunfilecheck)                Rerun to get outlines right
(rerunfilecheck)                or use package `bookmark'.

Package rerunfilecheck Info: Checksums for `china_3whos.out':
(rerunfilecheck)             Before: <no file>
(rerunfilecheck)             After:  D41D8CD98F00B204E9800998ECF8427E;0.

LaTeX Warning: There were undefined references.


LaTeX Warning: Label(s) may have changed. Rerun to get cross-references right.

 ) 
Here is how much of TeX's memory you used:
 9353 strings out of 492616
 138449 string characters out of 6128981
 256021 words of memory out of 5000000
 12989 multiletter control sequences out of 15000+600000
 51219 words of font info for 102 fonts, out of 8000000 for 9000
 1141 hyphenation exceptions out of 8191
 44i,11n,49p,1983b,558s stack positions out of 5000i,500n,10000p,200000b,80000s
</usr/local/texlive/2018/texmf-dist/fonts/type1/public/amsfonts/cm/cmbx10.pfb
></usr/local/texlive/2018/texmf-dist/fonts/type1/public/amsfonts/cm/cmbx12.pfb>
</usr/local/texlive/2018/texmf-dist/fonts/type1/public/amsfonts/cm/cmbxti10.pfb
></usr/local/texlive/2018/texmf-dist/fonts/type1/public/amsfonts/cmextra/cmex8.
pfb></usr/local/texlive/2018/texmf-dist/fonts/type1/public/amsfonts/cm/cmmi10.p
fb></usr/local/texlive/2018/texmf-dist/fonts/type1/public/amsfonts/cm/cmmi6.pfb
></usr/local/texlive/2018/texmf-dist/fonts/type1/public/amsfonts/cm/cmmi8.pfb><
/usr/local/texlive/2018/texmf-dist/fonts/type1/public/amsfonts/cm/cmr10.pfb></u
sr/local/texlive/2018/texmf-dist/fonts/type1/public/amsfonts/cm/cmr6.pfb></usr/
local/texlive/2018/texmf-dist/fonts/type1/public/amsfonts/cm/cmr8.pfb></usr/loc
al/texlive/2018/texmf-dist/fonts/type1/public/amsfonts/cm/cmr9.pfb></usr/local/
texlive/2018/texmf-dist/fonts/type1/public/amsfonts/cm/cmsy10.pfb></usr/local/t
exlive/2018/texmf-dist/fonts/type1/public/amsfonts/cm/cmsy6.pfb></usr/local/tex
live/2018/texmf-dist/fonts/type1/public/amsfonts/cm/cmsy7.pfb></usr/local/texli
ve/2018/texmf-dist/fonts/type1/public/amsfonts/cm/cmsy8.pfb></usr/local/texlive
/2018/texmf-dist/fonts/type1/public/amsfonts/cm/cmti10.pfb></usr/local/texlive/
2018/texmf-dist/fonts/type1/public/amsfonts/cm/cmtt10.pfb>
Output written on china_3whos.pdf (25 pages, 354923 bytes).
PDF statistics:
 338 PDF objects out of 1000 (max. 8388607)
 268 compressed objects within 3 object streams
 67 named destinations out of 1000 (max. 500000)
 56 words of extra memory for PDF output out of 10000 (max. 10000000)

